Mon Feb  6 16:39:24 2012: ('quickstart.html',)
Mon Feb  6 16:39:24 2012: ('chosen item', 1, None)
Mon Feb  6 16:39:24 2012: ((0, ['Clear login database', 'Create valid user', 'Creating user with invalid password should fail', 'Login', 'Given a user has a valid account', 'When she changes her password', 'Then she can log in with the new password', 'And she cannot use the old password anymore', 'Database Should Contain']),)
Mon Feb  6 16:39:25 2012: ('==============================================================================\n',)
Mon Feb  6 16:39:25 2012: ('Quickstart                                                                    \n',)
Mon Feb  6 16:39:25 2012: ('==============================================================================\n',)
Mon Feb  6 16:39:25 2012: ('User can create an account and log in                                 | PASS |\n',)
Mon Feb  6 16:39:25 2012: ('------------------------------------------------------------------------------\n',)
Mon Feb  6 16:39:25 2012: ('User cannot log in with bad password                                  | PASS |\n',)
Mon Feb  6 16:39:25 2012: ('------------------------------------------------------------------------------\n',)
Mon Feb  6 16:39:25 2012: ('User can change password                                              | PASS |\n',)
Mon Feb  6 16:39:25 2012: ('------------------------------------------------------------------------------\n',)
Mon Feb  6 16:39:25 2012: ('Too short password                                                    | PASS |\n',)
Mon Feb  6 16:39:25 2012: ('------------------------------------------------------------------------------\n',)
Mon Feb  6 16:39:25 2012: ('Too long password                                                     | PASS |\n',)
Mon Feb  6 16:39:25 2012: ('------------------------------------------------------------------------------\n',)
Mon Feb  6 16:39:25 2012: ('Password without lowercase letters                                    | PASS |\n',)
Mon Feb  6 16:39:25 2012: ('------------------------------------------------------------------------------\n',)
Mon Feb  6 16:39:25 2012: ('Password without capital letters                                      | PASS |\n',)
Mon Feb  6 16:39:25 2012: ('------------------------------------------------------------------------------\n',)
Mon Feb  6 16:39:25 2012: ('Password without numbers                                              | PASS |\n',)
Mon Feb  6 16:39:25 2012: ('------------------------------------------------------------------------------\n',)
Mon Feb  6 16:39:25 2012: ('Password with special characters                                      | PASS |\n',)
Mon Feb  6 16:39:25 2012: ('------------------------------------------------------------------------------\n',)
Mon Feb  6 16:39:25 2012: ('User status is stored in database                                     | PASS |\n',)
Mon Feb  6 16:39:25 2012: ('------------------------------------------------------------------------------\n',)
Mon Feb  6 16:39:25 2012: ('Quickstart                                                            | PASS |\n',)
Mon Feb  6 16:39:25 2012: ('10 critical tests, 10 passed, 0 failed\n',)
Mon Feb  6 16:39:25 2012: ('10 tests total, 10 passed, 0 failed\n',)
Mon Feb  6 16:39:25 2012: ('==============================================================================\n',)
Mon Feb  6 16:39:25 2012: ('Output:  /home/orphu/clone/dscheduler/output.xml\n',)
Mon Feb  6 16:39:25 2012: ('Log:     /home/orphu/clone/dscheduler/log.html\n',)
Mon Feb  6 16:39:25 2012: ('Report:  /home/orphu/clone/dscheduler/report.html\n',)
Mon Feb  6 16:39:25 2012: ('',)
Mon Feb  6 16:39:26 2012: ('quit', <__main__.TestScheduler instance at 0x2481290>)
